<?xml version="1.0" encoding="UTF-8"?>
<!-- Generated by org.testng.reporters.JUnitReportReporter -->
<testsuite hostname="LAPTOP-4JFS8M6D" failures="0" tests="5" name="runner.TestRunner" time="312.816" errors="0" timestamp="2025-03-18T13:59:12 IST" skipped="0">
  <testcase classname="runner.TestRunner" name="runScenario" time="131.872"/>
  <testcase classname="runner.TestRunner" name="runScenario" time="40.423"/>
  <testcase classname="runner.TestRunner" name="runScenario" time="49.390"/>
  <testcase classname="runner.TestRunner" name="runScenario" time="52.938"/>
  <testcase classname="runner.TestRunner" name="runScenario" time="38.193"/>
</testsuite> <!-- runner.TestRunner -->
